# JRE version: Java(TM) SE Runtime Environment (8.0_202-b08) (build 1.8.0_202-b08)
# Java VM: Java HotSpot(TM) 64-Bit Server VM (25.202-b08 mixed mode windows-amd64 compressed oops)
Heap:
 PSYoungGen      total 74240K, used 22275K [0x000000076dc00000, 0x0000000772e80000, 0x00000007c0000000)
  eden space 64000K, 34% used [0x000000076dc00000,0x000000076f1c0c28,0x0000000771a80000)
  from space 10240K, 0% used [0x0000000771a80000,0x0000000771a80000,0x0000000772480000)
  to   space 10240K, 0% used [0x0000000772480000,0x0000000772480000,0x0000000772e80000)
 ParOldGen       total 122368K, used 5143K [0x00000006c9400000, 0x00000006d0b80000, 0x000000076dc00000)
  object space 122368K, 4% used [0x00000006c9400000,0x00000006c9905ee8,0x00000006d0b80000)
 Metaspace       used 19970K, capacity 21146K, committed 21248K, reserved 1069056K
  class space    used 2825K, capacity 3038K, committed 3072K, reserved 1048576K
GC Heap History (4 events):
Event: 1.717 GC heap before
{Heap before GC invocations=1 (full 0):
 PSYoungGen      total 74240K, used 30037K [0x000000076dc00000, 0x0000000772e80000, 0x00000007c0000000)
  eden space 64000K, 46% used [0x000000076dc00000,0x000000076f9554f8,0x0000000771a80000)
  from space 10240K, 0% used [0x0000000772480000,0x0000000772480000,0x0000000772e80000)
  to   space 10240K, 0% used [0x0000000771a80000,0x0000000771a80000,0x0000000772480000)
 ParOldGen       total 169472K, used 0K [0x00000006c9400000, 0x00000006d3980000, 0x000000076dc00000)
  object space 169472K, 0% used [0x00000006c9400000,0x00000006c9400000,0x00000006d3980000)
 Metaspace       used 14834K, capacity 15310K, committed 15360K, reserved 1067008K
  class space    used 1881K, capacity 2020K, committed 2048K, reserved 1048576K
Event: 1.722 GC heap after
Heap after GC invocations=1 (full 0):
 PSYoungGen      total 74240K, used 5316K [0x000000076dc00000, 0x0000000772e80000, 0x00000007c0000000)
  eden space 64000K, 0% used [0x000000076dc00000,0x000000076dc00000,0x0000000771a80000)
  from space 10240K, 51% used [0x0000000771a80000,0x0000000771fb12b8,0x0000000772480000)
  to   space 10240K, 0% used [0x0000000772480000,0x0000000772480000,0x0000000772e80000)
 ParOldGen       total 169472K, used 80K [0x00000006c9400000, 0x00000006d3980000, 0x000000076dc00000)
  object space 169472K, 0% used [0x00000006c9400000,0x00000006c9414010,0x00000006d3980000)
 Metaspace       used 14834K, capacity 15310K, committed 15360K, reserved 1067008K
  class space    used 1881K, capacity 2020K, committed 2048K, reserved 1048576K
}
Event: 1.722 GC heap before
{Heap before GC invocations=2 (full 1):
 PSYoungGen      total 74240K, used 5316K [0x000000076dc00000, 0x0000000772e80000, 0x00000007c0000000)
  eden space 64000K, 0% used [0x000000076dc00000,0x000000076dc00000,0x0000000771a80000)
  from space 10240K, 51% used [0x0000000771a80000,0x0000000771fb12b8,0x0000000772480000)
  to   space 10240K, 0% used [0x0000000772480000,0x0000000772480000,0x0000000772e80000)
 ParOldGen       total 169472K, used 80K [0x00000006c9400000, 0x00000006d3980000, 0x000000076dc00000)
  object space 169472K, 0% used [0x00000006c9400000,0x00000006c9414010,0x00000006d3980000)
 Metaspace       used 14834K, capacity 15310K, committed 15360K, reserved 1067008K
  class space    used 1881K, capacity 2020K, committed 2048K, reserved 1048576K
Event: 1.743 GC heap after
Heap after GC invocations=2 (full 1):
 PSYoungGen      total 74240K, used 0K [0x000000076dc00000, 0x0000000772e80000, 0x00000007c0000000)
  eden space 64000K, 0% used [0x000000076dc00000,0x000000076dc00000,0x0000000771a80000)
  from space 10240K, 0% used [0x0000000771a80000,0x0000000771a80000,0x0000000772480000)
  to   space 10240K, 0% used [0x0000000772480000,0x0000000772480000,0x0000000772e80000)
 ParOldGen       total 122368K, used 5143K [0x00000006c9400000, 0x00000006d0b80000, 0x000000076dc00000)
  object space 122368K, 4% used [0x00000006c9400000,0x00000006c9905ee8,0x00000006d0b80000)
 Metaspace       used 14834K, capacity 15310K, committed 15360K, reserved 1064960K
  class space    used 1881K, capacity 2020K, committed 2048K, reserved 1048576K
}

